TN:
SF:app/models/Pets.js
FNF:0
FNH:0
DA:2,1
DA:4,1
DA:31,1
DA:33,1
LF:4
LH:4
BRF:0
BRH:0
end_of_record
TN:
SF:app/models/Shelters.js
FNF:0
FNH:0
DA:1,1
DA:3,1
DA:27,1
DA:29,1
LF:4
LH:4
BRF:0
BRH:0
end_of_record
TN:
SF:app/services/petService.js
FN:7,(anonymous_0)
FNF:1
FNH:1
FNDA:5,(anonymous_0)
DA:2,1
DA:3,1
DA:4,1
DA:7,1
DA:9,5
DA:10,5
DA:11,1
DA:12,1
DA:13,1
DA:17,5
DA:18,5
DA:19,5
DA:22,5
DA:25,5
DA:26,1
DA:28,4
DA:32,5
DA:33,2
DA:36,5
DA:37,5
DA:39,5
DA:42,1
LF:22
LH:22
BRDA:10,0,0,1
BRDA:10,0,1,4
BRDA:10,1,0,5
BRDA:10,1,1,4
BRDA:12,2,0,1
BRDA:12,2,1,0
BRDA:13,3,0,1
BRDA:13,3,1,0
BRDA:17,4,0,5
BRDA:17,4,1,5
BRDA:18,5,0,5
BRDA:18,5,1,5
BRDA:25,6,0,1
BRDA:25,6,1,4
BRDA:32,7,0,2
BRDA:32,7,1,3
BRF:16
BRH:14
end_of_record
