{"/Users/kirenia/Workspace/petfinder-api/app/models/Pets.js": {"path":"/Users/kirenia/Workspace/petfinder-api/app/models/Pets.js","statementMap":{"0":{"start":{"line":2,"column":17},"end":{"line":2,"column":36}},"1":{"start":{"line":4,"column":18},"end":{"line":29,"column":2}},"2":{"start":{"line":31,"column":12},"end":{"line":31,"column":44}},"3":{"start":{"line":33,"column":0},"end":{"line":33,"column":21}}},"fnMap":{},"branchMap":{},"s":{"0":1,"1":1,"2":1,"3":1},"f":{},"b":{},"_coverageSchema":"1a1c01bbd47fc00a2c39e90264f33305004495a9","hash":"afdd8867bd2c2ba37135e3287b20e3e278e37b89"}
,"/Users/kirenia/Workspace/petfinder-api/app/models/Shelters.js": {"path":"/Users/kirenia/Workspace/petfinder-api/app/models/Shelters.js","statementMap":{"0":{"start":{"line":1,"column":17},"end":{"line":1,"column":36}},"1":{"start":{"line":3,"column":22},"end":{"line":25,"column":2}},"2":{"start":{"line":27,"column":16},"end":{"line":27,"column":56}},"3":{"start":{"line":29,"column":0},"end":{"line":29,"column":25}}},"fnMap":{},"branchMap":{},"s":{"0":1,"1":1,"2":1,"3":1},"f":{},"b":{},"_coverageSchema":"1a1c01bbd47fc00a2c39e90264f33305004495a9","hash":"86911dae86005253c33ab5a716c93f17187cc2f3"}
,"/Users/kirenia/Workspace/petfinder-api/app/services/petService.js": {"path":"/Users/kirenia/Workspace/petfinder-api/app/services/petService.js","statementMap":{"0":{"start":{"line":2,"column":13},"end":{"line":2,"column":38}},"1":{"start":{"line":3,"column":0},"end":{"line":3,"column":30}},"2":{"start":{"line":4,"column":0},"end":{"line":4,"column":27}},"3":{"start":{"line":7,"column":26},"end":{"line":40,"column":1}},"4":{"start":{"line":9,"column":17},"end":{"line":9,"column":19}},"5":{"start":{"line":10,"column":2},"end":{"line":14,"column":3}},"6":{"start":{"line":11,"column":4},"end":{"line":11,"column":20}},"7":{"start":{"line":12,"column":4},"end":{"line":12,"column":73}},"8":{"start":{"line":12,"column":28},"end":{"line":12,"column":73}},"9":{"start":{"line":13,"column":4},"end":{"line":13,"column":73}},"10":{"start":{"line":13,"column":28},"end":{"line":13,"column":73}},"11":{"start":{"line":17,"column":15},"end":{"line":17,"column":44}},"12":{"start":{"line":18,"column":16},"end":{"line":18,"column":47}},"13":{"start":{"line":19,"column":15},"end":{"line":19,"column":33}},"14":{"start":{"line":22,"column":14},"end":{"line":22,"column":51}},"15":{"start":{"line":25,"column":2},"end":{"line":29,"column":3}},"16":{"start":{"line":26,"column":4},"end":{"line":26,"column":66}},"17":{"start":{"line":28,"column":4},"end":{"line":28,"column":33}},"18":{"start":{"line":32,"column":2},"end":{"line":34,"column":3}},"19":{"start":{"line":33,"column":4},"end":{"line":33,"column":62}},"20":{"start":{"line":36,"column":15},"end":{"line":36,"column":50}},"21":{"start":{"line":37,"column":16},"end":{"line":37,"column":49}},"22":{"start":{"line":39,"column":2},"end":{"line":39,"column":38}},"23":{"start":{"line":42,"column":0},"end":{"line":42,"column":39}}},"fnMap":{"0":{"name":"(anonymous_0)","decl":{"start":{"line":7,"column":26},"end":{"line":7,"column":27}},"loc":{"start":{"line":7,"column":49},"end":{"line":40,"column":1}},"line":7}},"branchMap":{"0":{"loc":{"start":{"line":10,"column":2},"end":{"line":14,"column":3}},"type":"if","locations":[{"start":{"line":10,"column":2},"end":{"line":14,"column":3}},{"start":{},"end":{}}],"line":10},"1":{"loc":{"start":{"line":10,"column":6},"end":{"line":10,"column":46}},"type":"binary-expr","locations":[{"start":{"line":10,"column":6},"end":{"line":10,"column":24}},{"start":{"line":10,"column":28},"end":{"line":10,"column":46}}],"line":10},"2":{"loc":{"start":{"line":12,"column":4},"end":{"line":12,"column":73}},"type":"if","locations":[{"start":{"line":12,"column":4},"end":{"line":12,"column":73}},{"start":{},"end":{}}],"line":12},"3":{"loc":{"start":{"line":13,"column":4},"end":{"line":13,"column":73}},"type":"if","locations":[{"start":{"line":13,"column":4},"end":{"line":13,"column":73}},{"start":{},"end":{}}],"line":13},"4":{"loc":{"start":{"line":17,"column":15},"end":{"line":17,"column":44}},"type":"binary-expr","locations":[{"start":{"line":17,"column":15},"end":{"line":17,"column":39}},{"start":{"line":17,"column":43},"end":{"line":17,"column":44}}],"line":17},"5":{"loc":{"start":{"line":18,"column":16},"end":{"line":18,"column":47}},"type":"binary-expr","locations":[{"start":{"line":18,"column":16},"end":{"line":18,"column":41}},{"start":{"line":18,"column":45},"end":{"line":18,"column":47}}],"line":18},"6":{"loc":{"start":{"line":25,"column":2},"end":{"line":29,"column":3}},"type":"if","locations":[{"start":{"line":25,"column":2},"end":{"line":29,"column":3}},{"start":{"line":27,"column":9},"end":{"line":29,"column":3}}],"line":25},"7":{"loc":{"start":{"line":32,"column":2},"end":{"line":34,"column":3}},"type":"if","locations":[{"start":{"line":32,"column":2},"end":{"line":34,"column":3}},{"start":{},"end":{}}],"line":32}},"s":{"0":1,"1":1,"2":1,"3":1,"4":5,"5":5,"6":1,"7":1,"8":1,"9":1,"10":1,"11":5,"12":5,"13":5,"14":5,"15":5,"16":1,"17":4,"18":5,"19":2,"20":5,"21":5,"22":5,"23":1},"f":{"0":5},"b":{"0":[1,4],"1":[5,4],"2":[1,0],"3":[1,0],"4":[5,5],"5":[5,5],"6":[1,4],"7":[2,3]},"_coverageSchema":"1a1c01bbd47fc00a2c39e90264f33305004495a9","hash":"d99d2d72feb601a13b66841f68c47c8aa0844c88"}
}
